0 info it worked if it ends with ok
1 verbose cli [ 'c:\\Program Files (x86)\\nodejs\\node.exe',
1 verbose cli   'c:\\Program Files (x86)\\nodejs\\node_modules\\npm\\bin\\npm-cli.js',
1 verbose cli   'install' ]
2 info using npm@1.3.14
3 info using node@v0.10.22
4 error install Couldn't read dependencies
5 error Failed to parse json
5 error Unexpected string
6 error File: c:\dev\blog\package.json
7 error Failed to parse package.json data.
7 error package.json must be actual JSON, not just JavaScript.
7 error
7 error This is not a bug in npm.
7 error Tell the package author to fix their package.json file. JSON.parse
8 error System Windows_NT 6.1.7601
9 error command "c:\\Program Files (x86)\\nodejs\\node.exe" "c:\\Program Files (x86)\\nodejs\\node_modules\\npm\\bin\\npm-cli.js" "install"
10 error cwd c:\dev\blog
11 error node -v v0.10.22
12 error npm -v 1.3.14
13 error file c:\dev\blog\package.json
14 error code EJSONPARSE
15 verbose exit [ 1, true ]
